{"/home/kaen/code/recursive-object-mask/gruntfile.coffee":{"path":"/home/kaen/code/recursive-object-mask/gruntfile.coffee","s":{"1":0,"2":0,"3":0,"4":0,"5":0,"6":0,"7":0,"8":0,"9":0,"10":0,"11":0,"12":0,"13":0,"14":0,"15":0,"16":0,"17":0},"b":{},"f":{"1":0,"2":0},"fnMap":{"1":{"name":"module","line":11,"loc":{"start":{"line":11,"column":0},"end":{"line":11,"column":28}}},"2":{"name":"dateFormat","line":44,"loc":{"start":{"line":44,"column":8},"end":{"line":44,"column":43}}}},"statementMap":{"1":{"start":{"line":11,"column":0},"end":{"line":161,"column":25}},"2":{"start":{"line":15,"column":2},"end":{"line":15,"column":52}},"3":{"start":{"line":16,"column":2},"end":{"line":16,"column":51}},"4":{"start":{"line":17,"column":2},"end":{"line":17,"column":50}},"5":{"start":{"line":22,"column":2},"end":{"line":141,"column":1}},"6":{"start":{"line":44,"column":46},"end":{"line":44,"column":69}},"7":{"start":{"line":44,"column":51},"end":{"line":44,"column":67}},"8":{"start":{"line":147,"column":2},"end":{"line":147,"column":39}},"9":{"start":{"line":151,"column":2},"end":{"line":151,"column":47}},"10":{"start":{"line":152,"column":2},"end":{"line":152,"column":45}},"11":{"start":{"line":153,"column":2},"end":{"line":153,"column":51}},"12":{"start":{"line":154,"column":2},"end":{"line":154,"column":41}},"13":{"start":{"line":155,"column":2},"end":{"line":155,"column":80}},"14":{"start":{"line":156,"column":2},"end":{"line":156,"column":62}},"15":{"start":{"line":157,"column":2},"end":{"line":157,"column":69}},"16":{"start":{"line":158,"column":2},"end":{"line":158,"column":42}},"17":{"start":{"line":161,"column":2},"end":{"line":161,"column":24}}},"branchMap":{}},"/home/kaen/code/recursive-object-mask/index.coffee":{"path":"/home/kaen/code/recursive-object-mask/index.coffee","s":{"1":0},"b":{},"f":{},"fnMap":{},"statementMap":{"1":{"start":{"line":15,"column":0},"end":{"line":15,"column":50}}},"branchMap":{}},"/home/kaen/code/recursive-object-mask/src/nested_object_mask.coffee":{"path":"/home/kaen/code/recursive-object-mask/src/nested_object_mask.coffee","s":{"1":1,"2":1,"3":55,"4":55,"5":8,"6":47,"7":24,"8":23,"9":2,"10":21,"11":23,"12":23,"13":6,"14":17,"15":23,"16":47,"17":47,"18":37,"19":10,"20":8,"21":2,"22":47,"23":47,"24":47,"25":47,"26":47,"27":47,"28":35,"29":23,"30":1},"b":{"1":[8,47],"2":[24,23],"3":[2,21],"4":[6,17],"5":[37,10],"6":[8,2],"7":[35,12]},"f":{"1":55},"fnMap":{"1":{"name":"mask","line":153,"loc":{"start":{"line":153,"column":2},"end":{"line":153,"column":33}}}},"statementMap":{"1":{"start":{"line":1,"column":0},"end":{"line":1,"column":19}},"2":{"start":{"line":18,"column":0},"end":{"line":183,"column":0}},"3":{"start":{"line":154,"column":4},"end":{"line":154,"column":27}},"4":{"start":{"line":155,"column":4},"end":{"line":155,"column":31}},"5":{"start":{"line":155,"column":4},"end":{"line":155,"column":19}},"6":{"start":{"line":156,"column":4},"end":{"line":156,"column":63}},"7":{"start":{"line":156,"column":4},"end":{"line":156,"column":16}},"8":{"start":{"line":162,"column":4},"end":{"line":162,"column":48}},"9":{"start":{"line":162,"column":39},"end":{"line":162,"column":40}},"10":{"start":{"line":162,"column":47},"end":{"line":162,"column":48}},"11":{"start":{"line":163,"column":4},"end":{"line":163,"column":47}},"12":{"start":{"line":164,"column":4},"end":{"line":164,"column":48}},"13":{"start":{"line":164,"column":33},"end":{"line":164,"column":38}},"14":{"start":{"line":164,"column":45},"end":{"line":164,"column":48}},"15":{"start":{"line":165,"column":4},"end":{"line":182,"column":3}},"16":{"start":{"line":166,"column":6},"end":{"line":166,"column":24}},"17":{"start":{"line":167,"column":6},"end":{"line":175,"column":5}},"18":{"start":{"line":168,"column":8},"end":{"line":168,"column":24}},"19":{"start":{"line":170,"column":8},"end":{"line":173,"column":32}},"20":{"start":{"line":171,"column":10},"end":{"line":171,"column":28}},"21":{"start":{"line":173,"column":10},"end":{"line":173,"column":32}},"22":{"start":{"line":175,"column":6},"end":{"line":175,"column":71}},"23":{"start":{"line":176,"column":6},"end":{"line":176,"column":74}},"24":{"start":{"line":176,"column":26},"end":{"line":176,"column":73}},"25":{"start":{"line":177,"column":6},"end":{"line":177,"column":43}},"26":{"start":{"line":178,"column":6},"end":{"line":178,"column":48}},"27":{"start":{"line":179,"column":6},"end":{"line":182,"column":3}},"28":{"start":{"line":180,"column":8},"end":{"line":180,"column":34}},"29":{"start":{"line":182,"column":4},"end":{"line":182,"column":9}},"30":{"start":{"line":184,"column":0},"end":{"line":184,"column":22}}},"branchMap":{"1":{"line":155,"type":"if","locations":[{"start":{"line":155,"column":4},"end":{"line":155,"column":4}},{"start":{"line":155,"column":4},"end":{"line":155,"column":4}}]},"2":{"line":156,"type":"if","locations":[{"start":{"line":156,"column":4},"end":{"line":156,"column":4}},{"start":{"line":156,"column":4},"end":{"line":156,"column":4}}]},"3":{"line":162,"type":"if","locations":[{"start":{"line":162,"column":13},"end":{"line":162,"column":13}},{"start":{"line":162,"column":13},"end":{"line":162,"column":13}}]},"4":{"line":164,"type":"if","locations":[{"start":{"line":164,"column":15},"end":{"line":164,"column":15}},{"start":{"line":164,"column":15},"end":{"line":164,"column":15}}]},"5":{"line":167,"type":"if","locations":[{"start":{"line":167,"column":6},"end":{"line":167,"column":6}},{"start":{"line":167,"column":6},"end":{"line":167,"column":6}}]},"6":{"line":170,"type":"if","locations":[{"start":{"line":170,"column":8},"end":{"line":170,"column":8}},{"start":{"line":170,"column":8},"end":{"line":170,"column":8}}]},"7":{"line":179,"type":"if","locations":[{"start":{"line":179,"column":6},"end":{"line":179,"column":6}},{"start":{"line":179,"column":6},"end":{"line":179,"column":6}}]}}}}