TN:
SF:/home/kaen/code/recursive-object-mask/gruntfile.coffee
FN:11,module
FN:44,dateFormat
FNF:2
FNH:0
FNDA:0,module
FNDA:0,dateFormat
DA:11,0
DA:15,0
DA:16,0
DA:17,0
DA:22,0
DA:44,0
DA:147,0
DA:151,0
DA:152,0
DA:153,0
DA:154,0
DA:155,0
DA:156,0
DA:157,0
DA:158,0
DA:161,0
LF:16
LH:0
BRF:0
BRH:0
end_of_record
TN:
SF:/home/kaen/code/recursive-object-mask/index.coffee
FNF:0
FNH:0
DA:15,0
LF:1
LH:0
BRF:0
BRH:0
end_of_record
TN:
SF:/home/kaen/code/recursive-object-mask/src/nested_object_mask.coffee
FN:153,mask
FNF:1
FNH:1
FNDA:55,mask
DA:1,1
DA:18,1
DA:154,55
DA:155,55
DA:156,47
DA:162,23
DA:163,23
DA:164,23
DA:165,23
DA:166,47
DA:167,47
DA:168,37
DA:170,10
DA:171,8
DA:173,2
DA:175,47
DA:176,47
DA:177,47
DA:178,47
DA:179,47
DA:180,35
DA:182,23
DA:184,1
LF:23
LH:23
BRDA:155,1,0,8
BRDA:155,1,1,47
BRDA:156,2,0,24
BRDA:156,2,1,23
BRDA:162,3,0,2
BRDA:162,3,1,21
BRDA:164,4,0,6
BRDA:164,4,1,17
BRDA:167,5,0,37
BRDA:167,5,1,10
BRDA:170,6,0,8
BRDA:170,6,1,2
BRDA:179,7,0,35
BRDA:179,7,1,12
BRF:14
BRH:14
end_of_record
